[2024-03-01T20:24:22.525+0000] {taskinstance.py:1979} INFO - Dependencies all met for dep_context=non-requeueable deps ti=<TaskInstance: extrair_transformar_s3.enviar_para_s3 scheduled__2024-03-01T17:30:00+00:00 [queued]>
[2024-03-01T20:24:22.546+0000] {taskinstance.py:1979} INFO - Dependencies all met for dep_context=requeueable deps ti=<TaskInstance: extrair_transformar_s3.enviar_para_s3 scheduled__2024-03-01T17:30:00+00:00 [queued]>
[2024-03-01T20:24:22.546+0000] {taskinstance.py:2193} INFO - Starting attempt 1 of 2
[2024-03-01T20:24:22.568+0000] {taskinstance.py:2214} INFO - Executing <Task(PythonOperator): enviar_para_s3> on 2024-03-01 17:30:00+00:00
[2024-03-01T20:24:22.581+0000] {standard_task_runner.py:60} INFO - Started process 2889 to run task
[2024-03-01T20:24:22.586+0000] {standard_task_runner.py:87} INFO - Running: ['***', 'tasks', 'run', 'extrair_transformar_s3', 'enviar_para_s3', 'scheduled__2024-03-01T17:30:00+00:00', '--job-id', '292', '--raw', '--subdir', 'DAGS_FOLDER/extract_transform_load.py', '--cfg-path', '/tmp/tmp_bo0_wz3']
[2024-03-01T20:24:22.588+0000] {standard_task_runner.py:88} INFO - Job 292: Subtask enviar_para_s3
[2024-03-01T20:24:22.650+0000] {task_command.py:423} INFO - Running <TaskInstance: extrair_transformar_s3.enviar_para_s3 scheduled__2024-03-01T17:30:00+00:00 [running]> on host b088582def97
[2024-03-01T20:24:22.753+0000] {taskinstance.py:2510} INFO - Exporting env vars: AIRFLOW_CTX_DAG_OWNER='***' AIRFLOW_CTX_DAG_ID='extrair_transformar_s3' AIRFLOW_CTX_TASK_ID='enviar_para_s3' AIRFLOW_CTX_EXECUTION_DATE='2024-03-01T17:30:00+00:00' AIRFLOW_CTX_TRY_NUMBER='1' AIRFLOW_CTX_DAG_RUN_ID='scheduled__2024-03-01T17:30:00+00:00'
[2024-03-01T20:24:22.951+0000] {logging_mixin.py:188} INFO - Enviando dados para a tabela 'coolers_2024_03_01' no S3...
[2024-03-01T20:24:22.992+0000] {base.py:83} INFO - Using connection ID 'aws_default' for task execution.
[2024-03-01T20:24:22.994+0000] {connection_wrapper.py:382} INFO - AWS Connection (conn_id='aws_default', conn_type='aws') credentials retrieved from login and password.
[2024-03-01T20:24:24.806+0000] {logging_mixin.py:188} INFO - Dados da tabela 'coolers_2024_03_01' enviados com sucesso para o bucket '***-lobobranco' no caminho 'excel_file/'
[2024-03-01T20:24:24.807+0000] {logging_mixin.py:188} INFO - Enviando dados para a tabela 'disco_rigido_hd_2024_03_01' no S3...
[2024-03-01T20:24:24.822+0000] {base.py:83} INFO - Using connection ID 'aws_default' for task execution.
[2024-03-01T20:24:24.823+0000] {connection_wrapper.py:382} INFO - AWS Connection (conn_id='aws_default', conn_type='aws') credentials retrieved from login and password.
[2024-03-01T20:24:26.517+0000] {logging_mixin.py:188} INFO - Dados da tabela 'disco_rigido_hd_2024_03_01' enviados com sucesso para o bucket '***-lobobranco' no caminho 'excel_file/'
[2024-03-01T20:24:26.518+0000] {logging_mixin.py:188} INFO - Enviando dados para a tabela 'drives_2024_03_01' no S3...
[2024-03-01T20:24:26.531+0000] {base.py:83} INFO - Using connection ID 'aws_default' for task execution.
[2024-03-01T20:24:26.532+0000] {connection_wrapper.py:382} INFO - AWS Connection (conn_id='aws_default', conn_type='aws') credentials retrieved from login and password.
[2024-03-01T20:24:27.364+0000] {logging_mixin.py:188} INFO - Dados da tabela 'drives_2024_03_01' enviados com sucesso para o bucket '***-lobobranco' no caminho 'excel_file/'
[2024-03-01T20:24:27.365+0000] {logging_mixin.py:188} INFO - Enviando dados para a tabela 'fontes_2024_03_01' no S3...
[2024-03-01T20:24:27.379+0000] {base.py:83} INFO - Using connection ID 'aws_default' for task execution.
[2024-03-01T20:24:27.380+0000] {connection_wrapper.py:382} INFO - AWS Connection (conn_id='aws_default', conn_type='aws') credentials retrieved from login and password.
[2024-03-01T20:24:28.643+0000] {logging_mixin.py:188} INFO - Dados da tabela 'fontes_2024_03_01' enviados com sucesso para o bucket '***-lobobranco' no caminho 'excel_file/'
[2024-03-01T20:24:28.643+0000] {logging_mixin.py:188} INFO - Enviando dados para a tabela 'kit_hardware_2024_03_01' no S3...
[2024-03-01T20:24:28.657+0000] {base.py:83} INFO - Using connection ID 'aws_default' for task execution.
[2024-03-01T20:24:28.658+0000] {connection_wrapper.py:382} INFO - AWS Connection (conn_id='aws_default', conn_type='aws') credentials retrieved from login and password.
[2024-03-01T20:24:29.805+0000] {logging_mixin.py:188} INFO - Dados da tabela 'kit_hardware_2024_03_01' enviados com sucesso para o bucket '***-lobobranco' no caminho 'excel_file/'
[2024-03-01T20:24:29.806+0000] {logging_mixin.py:188} INFO - Enviando dados para a tabela 'memoria_ram_2024_03_01' no S3...
[2024-03-01T20:24:29.823+0000] {base.py:83} INFO - Using connection ID 'aws_default' for task execution.
[2024-03-01T20:24:29.824+0000] {connection_wrapper.py:382} INFO - AWS Connection (conn_id='aws_default', conn_type='aws') credentials retrieved from login and password.
[2024-03-01T20:24:31.365+0000] {logging_mixin.py:188} INFO - Dados da tabela 'memoria_ram_2024_03_01' enviados com sucesso para o bucket '***-lobobranco' no caminho 'excel_file/'
[2024-03-01T20:24:31.366+0000] {logging_mixin.py:188} INFO - Enviando dados para a tabela 'placa_de_video_vga_2024_03_01' no S3...
[2024-03-01T20:24:31.385+0000] {base.py:83} INFO - Using connection ID 'aws_default' for task execution.
[2024-03-01T20:24:31.387+0000] {connection_wrapper.py:382} INFO - AWS Connection (conn_id='aws_default', conn_type='aws') credentials retrieved from login and password.
[2024-03-01T20:24:32.476+0000] {logging_mixin.py:188} INFO - Dados da tabela 'placa_de_video_vga_2024_03_01' enviados com sucesso para o bucket '***-lobobranco' no caminho 'excel_file/'
[2024-03-01T20:24:32.477+0000] {logging_mixin.py:188} INFO - Enviando dados para a tabela 'placas_interfaces_2024_03_01' no S3...
[2024-03-01T20:24:32.488+0000] {base.py:83} INFO - Using connection ID 'aws_default' for task execution.
[2024-03-01T20:24:32.489+0000] {connection_wrapper.py:382} INFO - AWS Connection (conn_id='aws_default', conn_type='aws') credentials retrieved from login and password.
[2024-03-01T20:24:33.356+0000] {logging_mixin.py:188} INFO - Dados da tabela 'placas_interfaces_2024_03_01' enviados com sucesso para o bucket '***-lobobranco' no caminho 'excel_file/'
[2024-03-01T20:24:33.357+0000] {logging_mixin.py:188} INFO - Enviando dados para a tabela 'placas_mae_2024_03_01' no S3...
[2024-03-01T20:24:33.370+0000] {base.py:83} INFO - Using connection ID 'aws_default' for task execution.
[2024-03-01T20:24:33.370+0000] {connection_wrapper.py:382} INFO - AWS Connection (conn_id='aws_default', conn_type='aws') credentials retrieved from login and password.
[2024-03-01T20:24:34.621+0000] {logging_mixin.py:188} INFO - Dados da tabela 'placas_mae_2024_03_01' enviados com sucesso para o bucket '***-lobobranco' no caminho 'excel_file/'
[2024-03-01T20:24:34.622+0000] {logging_mixin.py:188} INFO - Enviando dados para a tabela 'processadores_2024_03_01' no S3...
[2024-03-01T20:24:34.638+0000] {base.py:83} INFO - Using connection ID 'aws_default' for task execution.
[2024-03-01T20:24:34.640+0000] {connection_wrapper.py:382} INFO - AWS Connection (conn_id='aws_default', conn_type='aws') credentials retrieved from login and password.
[2024-03-01T20:24:36.138+0000] {logging_mixin.py:188} INFO - Dados da tabela 'processadores_2024_03_01' enviados com sucesso para o bucket '***-lobobranco' no caminho 'excel_file/'
[2024-03-01T20:24:36.138+0000] {logging_mixin.py:188} INFO - Enviando dados para a tabela 'ssd_2_5_2024_03_01' no S3...
[2024-03-01T20:24:36.153+0000] {base.py:83} INFO - Using connection ID 'aws_default' for task execution.
[2024-03-01T20:24:36.154+0000] {connection_wrapper.py:382} INFO - AWS Connection (conn_id='aws_default', conn_type='aws') credentials retrieved from login and password.
[2024-03-01T20:24:37.240+0000] {logging_mixin.py:188} INFO - Dados da tabela 'ssd_2_5_2024_03_01' enviados com sucesso para o bucket '***-lobobranco' no caminho 'excel_file/'
[2024-03-01T20:24:37.243+0000] {python.py:202} INFO - Done. Returned value was: None
[2024-03-01T20:24:37.254+0000] {taskinstance.py:1149} INFO - Marking task as SUCCESS. dag_id=extrair_transformar_s3, task_id=enviar_para_s3, execution_date=20240301T173000, start_date=20240301T202422, end_date=20240301T202437
[2024-03-01T20:24:37.297+0000] {local_task_job_runner.py:234} INFO - Task exited with return code 0
[2024-03-01T20:24:37.314+0000] {taskinstance.py:3309} INFO - 0 downstream tasks scheduled from follow-on schedule check
