[2024-03-01T20:23:16.751+0000] {taskinstance.py:1979} INFO - Dependencies all met for dep_context=non-requeueable deps ti=<TaskInstance: extrair_transformar_s3.transformar_arquivos_csv scheduled__2024-03-01T08:30:00+00:00 [queued]>
[2024-03-01T20:23:16.808+0000] {taskinstance.py:1979} INFO - Dependencies all met for dep_context=requeueable deps ti=<TaskInstance: extrair_transformar_s3.transformar_arquivos_csv scheduled__2024-03-01T08:30:00+00:00 [queued]>
[2024-03-01T20:23:16.810+0000] {taskinstance.py:2193} INFO - Starting attempt 1 of 2
[2024-03-01T20:23:16.877+0000] {taskinstance.py:2214} INFO - Executing <Task(PythonOperator): transformar_arquivos_csv> on 2024-03-01 08:30:00+00:00
[2024-03-01T20:23:16.892+0000] {standard_task_runner.py:60} INFO - Started process 1751 to run task
[2024-03-01T20:23:16.913+0000] {standard_task_runner.py:87} INFO - Running: ['***', 'tasks', 'run', 'extrair_transformar_s3', 'transformar_arquivos_csv', 'scheduled__2024-03-01T08:30:00+00:00', '--job-id', '257', '--raw', '--subdir', 'DAGS_FOLDER/extract_transform_load.py', '--cfg-path', '/tmp/tmpcxh0gb3j']
[2024-03-01T20:23:16.924+0000] {standard_task_runner.py:88} INFO - Job 257: Subtask transformar_arquivos_csv
[2024-03-01T20:23:17.120+0000] {task_command.py:423} INFO - Running <TaskInstance: extrair_transformar_s3.transformar_arquivos_csv scheduled__2024-03-01T08:30:00+00:00 [running]> on host b088582def97
[2024-03-01T20:23:17.405+0000] {taskinstance.py:2510} INFO - Exporting env vars: AIRFLOW_CTX_DAG_OWNER='***' AIRFLOW_CTX_DAG_ID='extrair_transformar_s3' AIRFLOW_CTX_TASK_ID='transformar_arquivos_csv' AIRFLOW_CTX_EXECUTION_DATE='2024-03-01T08:30:00+00:00' AIRFLOW_CTX_TRY_NUMBER='1' AIRFLOW_CTX_DAG_RUN_ID='scheduled__2024-03-01T08:30:00+00:00'
[2024-03-01T20:23:17.459+0000] {logging_mixin.py:188} INFO - Transformando arquivo CSV: /opt/***/raw_excel_file//coolers_2024-03-01.csv
[2024-03-01T20:23:17.658+0000] {logging_mixin.py:188} INFO - Transformando arquivo CSV: /opt/***/raw_excel_file//disco-rigido-hd_2024-03-01.csv
[2024-03-01T20:23:17.741+0000] {logging_mixin.py:188} INFO - Transformando arquivo CSV: /opt/***/raw_excel_file//drives_2024-03-01.csv
[2024-03-01T20:23:17.767+0000] {logging_mixin.py:188} INFO - Transformando arquivo CSV: /opt/***/raw_excel_file//fontes_2024-03-01.csv
[2024-03-01T20:23:17.852+0000] {logging_mixin.py:188} INFO - Transformando arquivo CSV: /opt/***/raw_excel_file//kit-hardware_2024-03-01.csv
[2024-03-01T20:23:17.912+0000] {logging_mixin.py:188} INFO - Transformando arquivo CSV: /opt/***/raw_excel_file//memoria-ram_2024-03-01.csv
[2024-03-01T20:23:18.036+0000] {logging_mixin.py:188} INFO - Transformando arquivo CSV: /opt/***/raw_excel_file//placa-de-video-vga_2024-03-01.csv
[2024-03-01T20:23:18.095+0000] {logging_mixin.py:188} INFO - Transformando arquivo CSV: /opt/***/raw_excel_file//placas-interfaces_2024-03-01.csv
[2024-03-01T20:23:18.125+0000] {logging_mixin.py:188} INFO - Transformando arquivo CSV: /opt/***/raw_excel_file//placas-mae_2024-03-01.csv
[2024-03-01T20:23:18.158+0000] {logging_mixin.py:188} INFO - Transformando arquivo CSV: /opt/***/raw_excel_file//processadores_2024-03-01.csv
[2024-03-01T20:23:18.189+0000] {logging_mixin.py:188} INFO - Transformando arquivo CSV: /opt/***/raw_excel_file//ssd-2-5_2024-03-01.csv
[2024-03-01T20:23:18.773+0000] {python.py:202} INFO - Done. Returned value was: {'coolers_2024_03_01':                                 Nome do produto  ... Preço em R$
ID                                               ...            
0                          Cooler Fan Rise Mode  ...        6.99
1                               Cooler FAN Rise  ...       10.99
2                   Cooler Fan Rise Mode Energy  ...       99.99
3               Pasta Térmica Rise Silver Frost  ...       10.99
4            Water Cooler Rise Mode Gamer Black  ...      189.99
...                                         ...  ...         ...
1477  Water Cooler Asus ROG STRIX LC 360 RGB WE  ...        0.00
1478           Water Cooler Asus ROG RYUJIN 240  ...        0.00
1479                        Cooler Fan Bluecase  ...        0.00
1480         Cooler Fan Aerocool Molex Frost 12  ...        0.00
1481               Cooler Fan Aerocool Astro 12  ...        0.00

[1482 rows x 3 columns], 'disco_rigido_hd_2024_03_01':                        Nome do produto  ... Preço em R$
ID                                      ...            
0             HD Seagate 4TB BarraCuda  ...      549.99
1         HD Externo Seagate Expansion  ...      379.99
2                       HD WD Blue 1TB  ...      249.99
3                       HD WD Red Plus  ...      629.99
4             Case F3 para HD SATA 2.5  ...       37.99
..                                 ...  ...         ...
894  HD Externo Adata HV300 Ultra Slim  ...        0.00
895  HD Externo Adata HD330 Anti-Queda  ...        0.00
896  HD Externo Adata HD720 Anti-Queda  ...        0.00
897  HD Externo Adata HD720 Anti-Queda  ...        0.00
898                    HD Toshiba N300  ...        0.00

[899 rows x 3 columns], 'drives_2024_03_01':                                       Nome do produto  ... Preço em R$
ID                                                     ...            
0   Gravador Dvd Externo Dell Slim - Portátil - Us...  ...      179.00
1           Drive Goldentec Gravador Externo CD e DVD  ...       79.90
2                        Gravador DVD Dex DG-200 SATA  ...      117.90
3                    Cartucho De Dados HP Enterprises  ...      339.41
4                                           Drive Oem  ...      162.00
..                                                ...  ...         ...
57                       Gravador Externo DVD Desktop  ...        0.00
58                     Gravador CD/DVD Faster BL-0224  ...        0.00
59                 Drive ASUS Gravador Externo CD/DVD  ...        0.00
60         Drive ASUS Gravador Externo CD/DVD/Blu-Ray  ...        0.00
61         Drive Gravador Blucase Externo CD/DVD Slim  ...        0.00

[62 rows x 3 columns], 'fontes_2024_03_01':                                        Nome do produto  ... Preço em R$
ID                                                      ...            
0                                 Fonte MSI MAG A650BN  ...      267.99
1                                 Fonte MSI MAG A500DN  ...      279.99
2                                  Fonte Corsair CV650  ...      379.99
3                                 Fonte MSI MAG A850GL  ...      719.99
4                                      Fonte XPG Pylon  ...      369.99
..                                                 ...  ...         ...
698                          Fonte Raidmax Vortex ARGB  ...        0.00
699                    Fonte Raidmax Cobra 80Plus Gold  ...        0.00
700  Fonte be quiet! SYSTEM POWER U9 600W US 80+ Br...  ...        0.00
701                                  Fonte OCPC BZ750M  ...        0.00
702                                Fonte Sharkoon 700W  ...        0.00

[703 rows x 3 columns], 'kit_hardware_2024_03_01':                                        Nome do produto  ... Preço em R$
ID                                                      ...            
0    Kit Brx Placa Mãe H55 + Processador Intel Core...  ...      209.19
1                                          Kit Upgrade  ...      443.04
2       Kit Upgrade Neologic Nli84048 AMD Ryzen 5 4500  ...     1386.93
3    Kit Upgrade Powerpc com Placa Mãe H110 + Proce...  ...      745.00
4    Kit Upgrade com Placa Mãe H61 + Processador I5...  ...      347.75
..                                                 ...  ...         ...
476                  Kit Processador AMD Ryzen 7 5700X  ...        0.00
477  Kit Processador Intel Core i5-10400 + Placa Mã...  ...        0.00
478  Kit Processador Intel Core i5-10400 + Placa-Mã...  ...        0.00
479                   Kit Processador AMD Ryzen 5 5600  ...        0.00
480                  Kit Processador AMD Ryzen 5 4600G  ...        0.00

[481 rows x 3 columns], 'memoria_ram_2024_03_01':                            Nome do produto  ... Preço em R$
ID                                          ...            
0                      Memória Rise Mode Z  ...      119.99
1           Memória Rise Mode Diamond 16GB  ...      219.99
2     Memória Gamer Husky Gaming Avalanche  ...      199.99
3              Memória Kingston Fury Beast  ...      149.99
4                        Memória Rise Mode  ...       56.99
...                                    ...  ...         ...
1789             Memória Crucial Ballistix  ...        0.00
1790          Memória Kingston Fury Impact  ...        0.00
1791        Memória Kingston Fury Renegade  ...        0.00
1792             Memória Corsair Dominator  ...        0.00
1793                  Memória Hikvision U1  ...        0.00

[1794 rows x 3 columns], 'placa_de_video_vga_2024_03_01':                                        Nome do produto  ... Preço em R$
ID                                                      ...            
0      Placa de Vídeo RX 6600 CLD 8G ASRock AMD Radeon  ...     1349.99
1    Placa de Vídeo RTX 4060 VENTUS 2x Black OC MSI...  ...     2029.99
2    Placa de Vídeo RTX 3060 Ventus 2X MSI NVIDIA G...  ...     1729.99
3    Placa de Vídeo RTX 4060 Ti VENTUS 3X 8G OC MSI...  ...     2499.99
4    Placa de Vídeo RX 7600 GAMING OC 8G AMD Radeon...  ...     1799.99
..                                                 ...  ...         ...
858                Placa de Vídeo W5500 Pro AMD Radeon  ...        0.00
859  Placa de Vídeo RTX 3080 EAGLE Gigabyte NVIDIA ...  ...        0.00
860  Placa de Vídeo RTX 3060 Ti GAMING 8G Gigabyte ...  ...        0.00
861  Placa de Vídeo RTX 3060 Ti Vision Gigabyte NVI...  ...        0.00
862             Placa de Vídeo PCYes AMD Radeon R5 230  ...        0.00

[863 rows x 3 columns], 'placas_interfaces_2024_03_01':                                       Nome do produto  ... Preço em R$
ID                                                     ...            
0   Placa Usb 3.0 Interna Com 4 Portas Pci-express...  ...       95.80
1       Placa Pci Com 5 Portas Usb 2.0 480 Mbps Dp-52  ...       20.90
2   Placa De Som Pci-express 5.1 Com 6 Canais Dp-6...  ...       65.90
3                            Placa De Som Externa USB  ...       26.99
4   Placa USB 3.0 5gbps Pci-e X1 Com 2 Portas + Pe...  ...       64.39
5                Placa De Rede Tplink Archer T4u Plus  ...      195.00
6                            Placa Pci Express 4.0 4x  ...       33.55
7   Placa USB 3.0 PCI Express 1x PC Computador 4 P...  ...       67.15
8                         Placa De Som Gamer Creative  ...     1728.73
9                        Placa USB 3.0 Pci Express X1  ...      149.00
10  Placa Controladora Comtac Pci Com 1 Porta Para...  ...       36.50
11                                       Placa De Som  ...     2776.87
12                                   Placa De Som PCI  ...      178.19
13                                Placa de Som DEX X1  ...       78.20
14               Servidor Lenovo St50 V2 Xeon E-2324g  ...     7443.63
15                         Placa De Som Asus Xonar U5  ...      625.00
16  Placa Controladora Akasa Vegas Para Fitas Led ...  ...      169.19
17                                       Placa De Som  ...      322.05
18             Interface Ethernet Bematech Mp-4200 Th  ...      443.85
19  Placa Controladora Pci-e X1 Usb 3.0 (5gbps) Co...  ...      101.60
20                  Placa De Som - 5.1 Canais - Pci-e  ...      204.29
21             Placa Pci 2 Portas Seriais Comtac 9015  ...       42.00
22                                  Placa PCI Express  ...      173.69
23                Placa De Som PCI com 5 Canais DP-61  ...       89.90
24                            Placa Pci F3 Express X1  ...       67.15
25  Kit Placa DVR Seykon Pci Sk-9808 8 Canais Real...  ...      313.80
26  Hd Servidor Seagate Exos X18 12TB Sata 6GB/s 7...  ...     2307.61
27             Placa De Expansão Pcie Gen 3 X4 20GBps  ...      289.90
28             Placa Pci Express Com 2 Portas Usb 3.0  ...      144.89
29                               Controladora HBA 330  ...      441.00
30        Placa De Som Multi 5.1 Barramento Pai GA141  ...      139.89
31                                   Placa Pci Feasso  ...       74.90
32             Placa Pci Importado Pci-e C/ 2 Usb 3.0  ...      116.30
33                     Placa de Som Interna GV Brasil  ...        0.00
34  Placa De Som Creative Sound Blaster Audigy - F...  ...        0.00
35  Placa de Som Interna Creative Labs SB1500 Soun...  ...        0.00
36  Placa de Som Interna Creative Labs SO Sound Bl...  ...        0.00
37                           Placa de Som Interna MD9  ...        0.00
38           Placa de Som Interna Asus Strix Raid Pro  ...        0.00
39               Placa de Som Interna Asus Strix Soar  ...        0.00
40                 Placa de Som Interna Asus Xonar AE  ...        0.00
41  Placa de Som para Notebook Creative Sound Blas...  ...        0.00
42                  Placa de Som Externa Startech.com  ...        0.00
43                 Placa de Som Interna Vinik PCI 5.1  ...        0.00
44                 Placa de Som Interna Asus Xonar SE  ...        0.00
45        Placa de Som Externa Sharkoon Mobile DAC PD  ...        0.00

[46 rows x 3 columns], 'placas_mae_2024_03_01':                                      Nome do produto  ... Preço em R$
ID                                                    ...            
0                          Placa Mãe MSI A520M-A PRO  ...      339.99
1            Placa Mãe Asus TUF GAMING A520M-PLUS II  ...      499.99
2                 Placa-Mãe MSI MPG B550 Gaming Plus  ...     1199.99
3                          Placa Mãe MSI B560M PRO-E  ...      434.99
4                   Placa-Mãe MSI B550M Pro-VDH WiFi  ...      699.99
..                                               ...  ...         ...
740                              Placa-Mãe Goldentec  ...        0.00
741  Placa Mãe Gigabyte Z590I Aorus Ultra (rev. 1.0)  ...        0.00
742  Placa Mãe Gigabyte Z690I AORUS ULTRA (rev. 1.0)  ...        0.00
743                Placa Mãe Asus Prime B660 Plus D4  ...        0.00
744                       Placa Mãe MSI A520M PRO-VH  ...        0.00

[745 rows x 3 columns], 'processadores_2024_03_01':                                  Nome do produto  ... Preço em R$
ID                                                ...            
0                  Processador AMD Ryzen 5 5600G  ...      890.00
1                  Processador AMD Ryzen 5 4600G  ...      627.99
2               Processador Intel Core i5-10400F  ...      629.99
3                  Processador AMD Ryzen 7 5700X  ...     1269.90
4               Processador Intel Core i5-12400F  ...      899.99
..                                           ...  ...         ...
349  Processador Intel Core i3-9100F Coffee Lake  ...        0.00
350                Processador AMD Ryzen 7 3800X  ...        0.00
351  Processador Intel Core i7-9700F Coffee Lake  ...        0.00
352        Processador AMD Athlon 3000G Two Core  ...        0.00
353             Processador Intel E3-1220V6 Xeon  ...        0.00

[354 rows x 3 columns], 'ssd_2_5_2024_03_01':                                      Nome do produto  ... Preço em R$
ID                                                    ...            
0           SSD Rise Mode Gamer M.2 Z Series 2TB M.2  ...      749.99
1                              SSD 128GB KBM! Gaming  ...       79.99
2                              SSD 1 TB Kingston NV2  ...      379.99
3                            SSD 500 GB Kingston NV2  ...      249.99
4                           SSD 480 GB Kingston A400  ...      219.99
...                                              ...  ...         ...
1185                                  SSD PNY CS3030  ...        0.00
1186  SSD Corsair Force MP600 PRO XT Hydro X Edition  ...        0.00
1187                                     SSD Mushkin  ...        0.00
1188                                 SSD Mushkin 1TB  ...        0.00
1189                                SSD 1 TB Mushkin  ...        0.00

[1190 rows x 3 columns]}
[2024-03-01T20:23:19.496+0000] {taskinstance.py:1149} INFO - Marking task as SUCCESS. dag_id=extrair_transformar_s3, task_id=transformar_arquivos_csv, execution_date=20240301T083000, start_date=20240301T202316, end_date=20240301T202319
[2024-03-01T20:23:19.765+0000] {local_task_job_runner.py:234} INFO - Task exited with return code 0
[2024-03-01T20:23:19.876+0000] {taskinstance.py:3309} INFO - 1 downstream tasks scheduled from follow-on schedule check
