[2024-03-01T20:23:42.078+0000] {taskinstance.py:1979} INFO - Dependencies all met for dep_context=non-requeueable deps ti=<TaskInstance: extrair_transformar_s3.enviar_para_s3 scheduled__2024-03-01T04:30:00+00:00 [queued]>
[2024-03-01T20:23:42.111+0000] {taskinstance.py:1979} INFO - Dependencies all met for dep_context=requeueable deps ti=<TaskInstance: extrair_transformar_s3.enviar_para_s3 scheduled__2024-03-01T04:30:00+00:00 [queued]>
[2024-03-01T20:23:42.113+0000] {taskinstance.py:2193} INFO - Starting attempt 1 of 2
[2024-03-01T20:23:42.147+0000] {taskinstance.py:2214} INFO - Executing <Task(PythonOperator): enviar_para_s3> on 2024-03-01 04:30:00+00:00
[2024-03-01T20:23:42.162+0000] {standard_task_runner.py:60} INFO - Started process 2451 to run task
[2024-03-01T20:23:42.171+0000] {standard_task_runner.py:87} INFO - Running: ['***', 'tasks', 'run', 'extrair_transformar_s3', 'enviar_para_s3', 'scheduled__2024-03-01T04:30:00+00:00', '--job-id', '278', '--raw', '--subdir', 'DAGS_FOLDER/extract_transform_load.py', '--cfg-path', '/tmp/tmp1j7st6z_']
[2024-03-01T20:23:42.173+0000] {standard_task_runner.py:88} INFO - Job 278: Subtask enviar_para_s3
[2024-03-01T20:23:42.338+0000] {task_command.py:423} INFO - Running <TaskInstance: extrair_transformar_s3.enviar_para_s3 scheduled__2024-03-01T04:30:00+00:00 [running]> on host b088582def97
[2024-03-01T20:23:42.682+0000] {taskinstance.py:2510} INFO - Exporting env vars: AIRFLOW_CTX_DAG_OWNER='***' AIRFLOW_CTX_DAG_ID='extrair_transformar_s3' AIRFLOW_CTX_TASK_ID='enviar_para_s3' AIRFLOW_CTX_EXECUTION_DATE='2024-03-01T04:30:00+00:00' AIRFLOW_CTX_TRY_NUMBER='1' AIRFLOW_CTX_DAG_RUN_ID='scheduled__2024-03-01T04:30:00+00:00'
[2024-03-01T20:23:43.006+0000] {logging_mixin.py:188} INFO - Enviando dados para a tabela 'coolers_2024_03_01' no S3...
[2024-03-01T20:23:43.087+0000] {base.py:83} INFO - Using connection ID 'aws_default' for task execution.
[2024-03-01T20:23:43.094+0000] {connection_wrapper.py:382} INFO - AWS Connection (conn_id='aws_default', conn_type='aws') credentials retrieved from login and password.
[2024-03-01T20:23:45.322+0000] {logging_mixin.py:188} INFO - Dados da tabela 'coolers_2024_03_01' enviados com sucesso para o bucket '***-lobobranco' no caminho 'excel_file/'
[2024-03-01T20:23:45.323+0000] {logging_mixin.py:188} INFO - Enviando dados para a tabela 'disco_rigido_hd_2024_03_01' no S3...
[2024-03-01T20:23:46.144+0000] {base.py:83} INFO - Using connection ID 'aws_default' for task execution.
[2024-03-01T20:23:46.150+0000] {connection_wrapper.py:382} INFO - AWS Connection (conn_id='aws_default', conn_type='aws') credentials retrieved from login and password.
[2024-03-01T20:23:53.174+0000] {logging_mixin.py:188} INFO - Dados da tabela 'disco_rigido_hd_2024_03_01' enviados com sucesso para o bucket '***-lobobranco' no caminho 'excel_file/'
[2024-03-01T20:23:53.175+0000] {logging_mixin.py:188} INFO - Enviando dados para a tabela 'drives_2024_03_01' no S3...
[2024-03-01T20:23:53.190+0000] {base.py:83} INFO - Using connection ID 'aws_default' for task execution.
[2024-03-01T20:23:53.191+0000] {connection_wrapper.py:382} INFO - AWS Connection (conn_id='aws_default', conn_type='aws') credentials retrieved from login and password.
[2024-03-01T20:23:53.974+0000] {logging_mixin.py:188} INFO - Dados da tabela 'drives_2024_03_01' enviados com sucesso para o bucket '***-lobobranco' no caminho 'excel_file/'
[2024-03-01T20:23:53.975+0000] {logging_mixin.py:188} INFO - Enviando dados para a tabela 'fontes_2024_03_01' no S3...
[2024-03-01T20:23:53.997+0000] {base.py:83} INFO - Using connection ID 'aws_default' for task execution.
[2024-03-01T20:23:53.998+0000] {connection_wrapper.py:382} INFO - AWS Connection (conn_id='aws_default', conn_type='aws') credentials retrieved from login and password.
[2024-03-01T20:23:55.382+0000] {logging_mixin.py:188} INFO - Dados da tabela 'fontes_2024_03_01' enviados com sucesso para o bucket '***-lobobranco' no caminho 'excel_file/'
[2024-03-01T20:23:55.383+0000] {logging_mixin.py:188} INFO - Enviando dados para a tabela 'kit_hardware_2024_03_01' no S3...
[2024-03-01T20:23:55.400+0000] {base.py:83} INFO - Using connection ID 'aws_default' for task execution.
[2024-03-01T20:23:55.402+0000] {connection_wrapper.py:382} INFO - AWS Connection (conn_id='aws_default', conn_type='aws') credentials retrieved from login and password.
[2024-03-01T20:23:58.497+0000] {logging_mixin.py:188} INFO - Dados da tabela 'kit_hardware_2024_03_01' enviados com sucesso para o bucket '***-lobobranco' no caminho 'excel_file/'
[2024-03-01T20:23:58.498+0000] {logging_mixin.py:188} INFO - Enviando dados para a tabela 'memoria_ram_2024_03_01' no S3...
[2024-03-01T20:23:58.531+0000] {base.py:83} INFO - Using connection ID 'aws_default' for task execution.
[2024-03-01T20:23:58.533+0000] {connection_wrapper.py:382} INFO - AWS Connection (conn_id='aws_default', conn_type='aws') credentials retrieved from login and password.
[2024-03-01T20:24:00.288+0000] {logging_mixin.py:188} INFO - Dados da tabela 'memoria_ram_2024_03_01' enviados com sucesso para o bucket '***-lobobranco' no caminho 'excel_file/'
[2024-03-01T20:24:00.290+0000] {logging_mixin.py:188} INFO - Enviando dados para a tabela 'placa_de_video_vga_2024_03_01' no S3...
[2024-03-01T20:24:00.308+0000] {base.py:83} INFO - Using connection ID 'aws_default' for task execution.
[2024-03-01T20:24:00.309+0000] {connection_wrapper.py:382} INFO - AWS Connection (conn_id='aws_default', conn_type='aws') credentials retrieved from login and password.
[2024-03-01T20:24:01.738+0000] {logging_mixin.py:188} INFO - Dados da tabela 'placa_de_video_vga_2024_03_01' enviados com sucesso para o bucket '***-lobobranco' no caminho 'excel_file/'
[2024-03-01T20:24:01.739+0000] {logging_mixin.py:188} INFO - Enviando dados para a tabela 'placas_interfaces_2024_03_01' no S3...
[2024-03-01T20:24:01.752+0000] {base.py:83} INFO - Using connection ID 'aws_default' for task execution.
[2024-03-01T20:24:01.753+0000] {connection_wrapper.py:382} INFO - AWS Connection (conn_id='aws_default', conn_type='aws') credentials retrieved from login and password.
[2024-03-01T20:24:02.639+0000] {logging_mixin.py:188} INFO - Dados da tabela 'placas_interfaces_2024_03_01' enviados com sucesso para o bucket '***-lobobranco' no caminho 'excel_file/'
[2024-03-01T20:24:02.641+0000] {logging_mixin.py:188} INFO - Enviando dados para a tabela 'placas_mae_2024_03_01' no S3...
[2024-03-01T20:24:02.698+0000] {base.py:83} INFO - Using connection ID 'aws_default' for task execution.
[2024-03-01T20:24:02.700+0000] {connection_wrapper.py:382} INFO - AWS Connection (conn_id='aws_default', conn_type='aws') credentials retrieved from login and password.
[2024-03-01T20:24:04.119+0000] {logging_mixin.py:188} INFO - Dados da tabela 'placas_mae_2024_03_01' enviados com sucesso para o bucket '***-lobobranco' no caminho 'excel_file/'
[2024-03-01T20:24:04.121+0000] {logging_mixin.py:188} INFO - Enviando dados para a tabela 'processadores_2024_03_01' no S3...
[2024-03-01T20:24:04.141+0000] {base.py:83} INFO - Using connection ID 'aws_default' for task execution.
[2024-03-01T20:24:04.142+0000] {connection_wrapper.py:382} INFO - AWS Connection (conn_id='aws_default', conn_type='aws') credentials retrieved from login and password.
[2024-03-01T20:24:05.736+0000] {logging_mixin.py:188} INFO - Dados da tabela 'processadores_2024_03_01' enviados com sucesso para o bucket '***-lobobranco' no caminho 'excel_file/'
[2024-03-01T20:24:05.738+0000] {logging_mixin.py:188} INFO - Enviando dados para a tabela 'ssd_2_5_2024_03_01' no S3...
[2024-03-01T20:24:05.762+0000] {base.py:83} INFO - Using connection ID 'aws_default' for task execution.
[2024-03-01T20:24:05.763+0000] {connection_wrapper.py:382} INFO - AWS Connection (conn_id='aws_default', conn_type='aws') credentials retrieved from login and password.
[2024-03-01T20:24:07.099+0000] {logging_mixin.py:188} INFO - Dados da tabela 'ssd_2_5_2024_03_01' enviados com sucesso para o bucket '***-lobobranco' no caminho 'excel_file/'
[2024-03-01T20:24:07.104+0000] {python.py:202} INFO - Done. Returned value was: None
[2024-03-01T20:24:07.119+0000] {taskinstance.py:1149} INFO - Marking task as SUCCESS. dag_id=extrair_transformar_s3, task_id=enviar_para_s3, execution_date=20240301T043000, start_date=20240301T202342, end_date=20240301T202407
[2024-03-01T20:24:07.198+0000] {local_task_job_runner.py:234} INFO - Task exited with return code 0
[2024-03-01T20:24:07.221+0000] {taskinstance.py:3309} INFO - 0 downstream tasks scheduled from follow-on schedule check
